INFO    -  Building documentation...
INFO    -  Cleaning site directory
INFO    -  Documentation built in 1.27 seconds
INFO    -  [15:57:33] Watching paths for changes: 'docs', 'mkdocs.yml'
INFO    -  [15:57:33] Serving on http://127.0.0.1:8000/
INFO    -  [15:57:55] Detected file changes
INFO    -  Building documentation...
INFO    -  Documentation built in 1.21 seconds
INFO    -  [15:57:56] Reloading browsers
INFO    -  [15:58:12] Detected file changes
INFO    -  Building documentation...
INFO    -  The following pages exist in the docs directory, but are not included in the "nav" configuration:
  - appendices\index.md
INFO    -  [15:58:13] Reloading browsers
INFO    -  [15:58:13] Detected file changes
INFO    -  Building documentation...
INFO    -  The following pages exist in the docs directory, but are not included in the "nav" configuration:
  - appendices\index.md
INFO    -  Documentation built in 1.23 seconds
INFO    -  [15:58:14] Reloading browsers
INFO    -  [15:58:39] Detected file changes
INFO    -  Building documentation...
INFO    -  Documentation built in 1.26 seconds
INFO    -  [15:58:41] Reloading browsers
INFO    -  [16:17:28] Detected file changes
INFO    -  Building documentation...
INFO    -  Documentation built in 1.24 seconds
INFO    -  [16:17:30] Reloading browsers
INFO    -  [16:17:35] Browser connected: http://localhost:8000/
INFO    -  [16:18:54] Browser connected: http://localhost:8000/chapitre-1-installation/
INFO    -  [16:18:59] Browser connected: http://localhost:8000/chapitre-1-installation/intellij/tutoriel/
INFO    -  [16:19:54] Detected file changes
INFO    -  Building documentation...
INFO    -  Documentation built in 1.19 seconds
INFO    -  [16:19:55] Reloading browsers
INFO    -  [16:19:56] Browser connected: http://localhost:8000/chapitre-1-installation/intellij/tutoriel/
INFO    -  [16:20:44] Browser connected: http://localhost:8000/
INFO    -  [16:20:54] Detected file changes
INFO    -  Building documentation...
INFO    -  Documentation built in 1.55 seconds
INFO    -  [16:20:55] Reloading browsers
INFO    -  [16:20:56] Browser connected: http://localhost:8000/
INFO    -  [16:21:02] Browser connected: http://localhost:8000/
INFO    -  [16:21:14] Browser connected: http://localhost:8000/chapitre-1-installation/intellij/tutoriel/
INFO    -  [16:21:24] Browser connected: http://localhost:8000/chapitre-1-installation/
INFO    -  [16:21:26] Browser connected: http://localhost:8000/
INFO    -  [16:21:33] Detected file changes
INFO    -  Building documentation...
INFO    -  Documentation built in 1.34 seconds
INFO    -  [16:21:34] Reloading browsers
INFO    -  [16:21:35] Browser connected: http://localhost:8000/
INFO    -  [16:21:38] Browser connected: http://localhost:8000/
INFO    -  [16:21:43] Browser connected: http://localhost:8000/chapitre-1-installation/
INFO    -  [16:21:48] Browser connected: http://localhost:8000/chapitre-1-installation/intellij/tutoriel/
INFO    -  [16:22:36] Detected file changes
INFO    -  Building documentation...
INFO    -  Documentation built in 1.33 seconds
INFO    -  [16:22:38] Reloading browsers
INFO    -  [16:22:39] Browser connected: http://localhost:8000/chapitre-1-installation/intellij/tutoriel/
INFO    -  [16:22:41] Detected file changes
INFO    -  Building documentation...
INFO    -  Documentation built in 1.36 seconds
INFO    -  [16:22:42] Reloading browsers
INFO    -  [16:22:43] Browser connected: http://localhost:8000/chapitre-1-installation/intellij/tutoriel/
INFO    -  [16:23:40] Detected file changes
INFO    -  Building documentation...
INFO    -  Documentation built in 1.30 seconds
INFO    -  [16:23:42] Reloading browsers
INFO    -  [16:23:43] Browser connected: http://localhost:8000/chapitre-1-installation/intellij/tutoriel/
INFO    -  [16:23:56] Detected file changes
INFO    -  Building documentation...
INFO    -  [16:23:58] Reloading browsers
INFO    -  [16:23:59] Browser connected: http://localhost:8000/chapitre-1-installation/intellij/tutoriel/
INFO    -  [16:24:20] Detected file changes
INFO    -  Building documentation...
INFO    -  [16:24:22] Reloading browsers
INFO    -  [16:24:23] Browser connected: http://localhost:8000/chapitre-1-installation/intellij/tutoriel/
INFO    -  [16:24:44] Detected file changes
INFO    -  Building documentation...
INFO    -  Documentation built in 1.37 seconds
INFO    -  [16:24:46] Reloading browsers
INFO    -  [16:24:47] Browser connected: http://localhost:8000/chapitre-1-installation/intellij/tutoriel/
INFO    -  [16:25:03] Browser connected: http://localhost:8000/chapitre-1-installation/intellij/reference/
INFO    -  [16:31:30] Detected file changes
INFO    -  Building documentation...
INFO    -  Documentation built in 1.31 seconds
INFO    -  [16:31:31] Reloading browsers
